<?xml version="1.0" encoding="UTF-8"?>
<!-- Generated by org.testng.reporters.JUnitReportReporter -->
<testsuite hostname="SarthakSyduAIO" failures="0" tests="2" name="testng_content.Demo2" time="0.001" errors="0" timestamp="2023-04-08T20:34:27 EDT" skipped="0">
  <testcase classname="testng_content.Demo2" name="method22" time="0.000"/>
  <system-out/>
  <testcase classname="testng_content.Demo2" name="method2" time="0.001"/>
  <system-out/>
</testsuite> <!-- testng_content.Demo2 -->
