<?xml version="1.0" encoding="UTF-8"?>
<!-- Generated by org.testng.reporters.JUnitReportReporter -->
<testsuite hostname="SarthakSyduAIO" failures="0" tests="3" name="testng_parallel.Demo3" time="0.004" errors="0" timestamp="2023-04-09T04:08:49 EDT" skipped="0">
  <testcase classname="testng_parallel.Demo3" name="method33" time="0.001"/>
  <system-out/>
  <testcase classname="testng_parallel.Demo3" name="method3" time="0.002"/>
  <system-out/>
  <testcase classname="testng_parallel.Demo3" name="method333" time="0.001"/>
  <system-out/>
</testsuite> <!-- testng_parallel.Demo3 -->
