<?xml version="1.0" encoding="UTF-8"?>
<!-- Generated by org.testng.reporters.JUnitReportReporter -->
<testsuite hostname="SarthakSyduAIO" failures="0" tests="2" name="testng_content.Demo1" time="0.005" errors="0" timestamp="2023-04-08T20:34:27 EDT" skipped="0">
  <testcase classname="testng_content.Demo1" name="method1" time="0.004"/>
  <system-out/>
  <testcase classname="testng_content.Demo1" name="method11" time="0.001"/>
  <system-out/>
</testsuite> <!-- testng_content.Demo1 -->
