<?xml version="1.0" encoding="UTF-8"?>
<!-- Generated by org.testng.reporters.JUnitReportReporter -->
<testsuite hostname="SarthakSyduAIO" failures="0" tests="13" name="end_TO_END_EXCEL_CODE.TestCases" time="76.873" errors="0" timestamp="2023-04-08T19:02:00 EDT" skipped="0">
  <testcase classname="end_TO_END_EXCEL_CODE.TestCases" name="createNewExcelFile" time="0.392"/>
  <system-out/>
  <testcase classname="end_TO_END_EXCEL_CODE.TestCases" name="createNewSheetAndPassInputData" time="1.498"/>
  <system-out/>
  <testcase classname="end_TO_END_EXCEL_CODE.TestCases" name="tnRegister" time="11.906"/>
  <system-out/>
  <testcase classname="end_TO_END_EXCEL_CODE.TestCases" name="tnRegister" time="7.328"/>
  <system-out/>
  <testcase classname="end_TO_END_EXCEL_CODE.TestCases" name="tnRegister" time="6.138"/>
  <system-out/>
  <testcase classname="end_TO_END_EXCEL_CODE.TestCases" name="tnRegister" time="6.009"/>
  <system-out/>
  <testcase classname="end_TO_END_EXCEL_CODE.TestCases" name="tnRegister" time="8.941"/>
  <system-out/>
  <testcase classname="end_TO_END_EXCEL_CODE.TestCases" name="createNewSheetToPassCreatedDataInPreviousTestCase" time="0.045"/>
  <system-out/>
  <testcase classname="end_TO_END_EXCEL_CODE.TestCases" name="tnLogin" time="8.091"/>
  <system-out/>
  <testcase classname="end_TO_END_EXCEL_CODE.TestCases" name="tnLogin" time="6.093"/>
  <system-out/>
  <testcase classname="end_TO_END_EXCEL_CODE.TestCases" name="tnLogin" time="6.119"/>
  <system-out/>
  <testcase classname="end_TO_END_EXCEL_CODE.TestCases" name="tnLogin" time="5.905"/>
  <system-out/>
  <testcase classname="end_TO_END_EXCEL_CODE.TestCases" name="tnLogin" time="8.408"/>
  <system-out/>
</testsuite> <!-- end_TO_END_EXCEL_CODE.TestCases -->
