<?xml version="1.0" encoding="UTF-8"?>
<!-- Generated by org.testng.reporters.JUnitReportReporter -->
<testsuite hostname="SarthakSyduAIO" failures="0" tests="3" name="testng_parallel.Demo1" time="0.015" errors="0" timestamp="2023-04-09T04:08:49 EDT" skipped="0">
  <testcase classname="testng_parallel.Demo1" name="method111" time="0.005"/>
  <system-out/>
  <testcase classname="testng_parallel.Demo1" name="method1" time="0.005"/>
  <system-out/>
  <testcase classname="testng_parallel.Demo1" name="method11" time="0.005"/>
  <system-out/>
</testsuite> <!-- testng_parallel.Demo1 -->
