<?xml version="1.0" encoding="UTF-8"?>
<!-- Generated by org.testng.reporters.JUnitReportReporter -->
<testsuite hostname="SarthakSyduAIO" failures="0" tests="3" name="testng_parallel.Demo2" time="0.004" errors="0" timestamp="2023-04-09T04:08:49 EDT" skipped="0">
  <testcase classname="testng_parallel.Demo2" name="method222" time="0.001"/>
  <system-out/>
  <testcase classname="testng_parallel.Demo2" name="method2" time="0.001"/>
  <system-out/>
  <testcase classname="testng_parallel.Demo2" name="method22" time="0.002"/>
  <system-out/>
</testsuite> <!-- testng_parallel.Demo2 -->
